2017-07-26 23:25:06 [restartedMain] INFO  c.i.app.SpringBootLoggerApplication - Starting SpringBootLoggerApplication on SudhaKishan with PID 4840 (C:\SpringBootWorkSpace\SpringBootLogger\target\classes started by SudhaVerma in C:\SpringBootWorkSpace\SpringBootLogger)
2017-07-26 23:25:06 [restartedMain] INFO  c.i.app.SpringBootLoggerApplication - No active profile set, falling back to default profiles: default
2017-07-26 23:25:06 [restartedMain] INFO  o.s.b.c.e.AnnotationConfigEmbeddedWebApplicationContext - Refreshing org.springframework.boot.context.embedded.AnnotationConfigEmbeddedWebApplicationContext@65edb066: startup date [Wed Jul 26 23:25:06 IST 2017]; root of context hierarchy
2017-07-26 23:25:07 [restartedMain] INFO  o.s.b.c.e.t.TomcatEmbeddedServletContainer - Tomcat initialized with port(s): 9090 (http)
2017-07-26 23:25:07 [restartedMain] INFO  o.a.catalina.core.StandardService - Starting service [Tomcat]
2017-07-26 23:25:07 [restartedMain] INFO  o.a.catalina.core.StandardEngine - Starting Servlet Engine: Apache Tomcat/8.5.15
2017-07-26 23:25:07 [localhost-startStop-1] INFO  o.a.c.c.C.[Tomcat].[localhost].[/] - Initializing Spring embedded WebApplicationContext
2017-07-26 23:25:07 [localhost-startStop-1] INFO  o.s.web.context.ContextLoader - Root WebApplicationContext: initialization completed in 792 ms
2017-07-26 23:25:07 [localhost-startStop-1] INFO  o.s.b.w.s.ServletRegistrationBean - Mapping servlet: 'dispatcherServlet' to [/]
2017-07-26 23:25:07 [localhost-startStop-1] INFO  o.s.b.w.s.FilterRegistrationBean - Mapping filter: 'characterEncodingFilter' to: [/*]
2017-07-26 23:25:07 [localhost-startStop-1] INFO  o.s.b.w.s.FilterRegistrationBean - Mapping filter: 'hiddenHttpMethodFilter' to: [/*]
2017-07-26 23:25:07 [localhost-startStop-1] INFO  o.s.b.w.s.FilterRegistrationBean - Mapping filter: 'httpPutFormContentFilter' to: [/*]
2017-07-26 23:25:07 [localhost-startStop-1] INFO  o.s.b.w.s.FilterRegistrationBean - Mapping filter: 'requestContextFilter' to: [/*]
2017-07-26 23:25:07 [restartedMain] INFO  o.s.w.s.m.m.a.RequestMappingHandlerAdapter - Looking for @ControllerAdvice: org.springframework.boot.context.embedded.AnnotationConfigEmbeddedWebApplicationContext@65edb066: startup date [Wed Jul 26 23:25:06 IST 2017]; root of context hierarchy
2017-07-26 23:25:07 [restartedMain] INFO  o.s.w.s.m.m.a.RequestMappingHandlerMapping - Mapped "{[/]}" onto public java.lang.String com.infotech.app.SpringBootLoggerApplication.welcome()
2017-07-26 23:25:07 [restartedMain] INFO  o.s.w.s.m.m.a.RequestMappingHandlerMapping - Mapped "{[/error]}" onto public org.springframework.http.ResponseEntity<java.util.Map<java.lang.String, java.lang.Object>> org.springframework.boot.autoconfigure.web.BasicErrorController.error(javax.servlet.http.HttpServletRequest)
2017-07-26 23:25:07 [restartedMain] INFO  o.s.w.s.m.m.a.RequestMappingHandlerMapping - Mapped "{[/error],produces=[text/html]}" onto public org.springframework.web.servlet.ModelAndView org.springframework.boot.autoconfigure.web.BasicErrorController.errorHtml(javax.servlet.http.HttpServletRequest,javax.servlet.http.HttpServletResponse)
2017-07-26 23:25:07 [restartedMain] INFO  o.s.w.s.h.SimpleUrlHandlerMapping - Mapped URL path [/webjars/**] onto handler of type [class org.springframework.web.servlet.resource.ResourceHttpRequestHandler]
2017-07-26 23:25:07 [restartedMain] INFO  o.s.w.s.h.SimpleUrlHandlerMapping - Mapped URL path [/**] onto handler of type [class org.springframework.web.servlet.resource.ResourceHttpRequestHandler]
2017-07-26 23:25:07 [restartedMain] INFO  o.s.w.s.h.SimpleUrlHandlerMapping - Mapped URL path [/**/favicon.ico] onto handler of type [class org.springframework.web.servlet.resource.ResourceHttpRequestHandler]
2017-07-26 23:25:07 [restartedMain] INFO  o.s.b.d.a.OptionalLiveReloadServer - LiveReload server is running on port 35729
2017-07-26 23:25:08 [restartedMain] INFO  o.s.j.e.a.AnnotationMBeanExporter - Registering beans for JMX exposure on startup
2017-07-26 23:25:08 [restartedMain] INFO  o.s.b.c.e.t.TomcatEmbeddedServletContainer - Tomcat started on port(s): 9090 (http)
2017-07-26 23:25:08 [restartedMain] INFO  c.i.app.SpringBootLoggerApplication - Started SpringBootLoggerApplication in 1.334 seconds (JVM running for 119.546)
2017-07-26 23:25:08 [restartedMain] ERROR c.i.app.SpringBootLoggerApplication - Message logged at ERROR level
2017-07-26 23:25:08 [restartedMain] WARN  c.i.app.SpringBootLoggerApplication - Message logged at WARN level
2017-07-26 23:25:08 [restartedMain] INFO  c.i.app.SpringBootLoggerApplication - Message logged at INFO level
2017-07-26 23:26:34 [RMI TCP Connection(2)-127.0.0.1] INFO  o.s.b.a.SpringApplicationAdminMXBeanRegistrar$SpringApplicationAdmin - Application shutdown requested.
2017-07-26 23:26:34 [RMI TCP Connection(2)-127.0.0.1] INFO  o.s.b.c.e.AnnotationConfigEmbeddedWebApplicationContext - Closing org.springframework.boot.context.embedded.AnnotationConfigEmbeddedWebApplicationContext@65edb066: startup date [Wed Jul 26 23:25:06 IST 2017]; root of context hierarchy
2017-07-26 23:26:34 [RMI TCP Connection(2)-127.0.0.1] INFO  o.s.j.e.a.AnnotationMBeanExporter - Unregistering JMX-exposed beans on shutdown
